Read benchmark file testbenches/test_8.txt
Using GPU kernel 3
threads per tile: 512
number of tiles: 1

Iterations:100
3.699264

==== max error: 0.000488281
==== avg error: 9.85973e-05
Read benchmark file testbenches/test_9.txt
Using GPU kernel 3
threads per tile: 512
number of tiles: 1

Iterations:100
13.624128

==== max error: 0.0010376
==== avg error: 0.000133842
Read benchmark file testbenches/test_10.txt
Using GPU kernel 3
threads per tile: 512
number of tiles: 2

Iterations:100
30.225121

==== max error: 0.00204468
==== avg error: 0.000230072
Read benchmark file testbenches/test_11.txt
Using GPU kernel 3
threads per tile: 512
number of tiles: 4

Iterations:100
58.731937

==== max error: 0.00286865
==== avg error: 0.000304136
Read benchmark file testbenches/test_12.txt
Using GPU kernel 3
threads per tile: 512
number of tiles: 8

Iterations:100
132.571426

==== max error: 0.00408936
==== avg error: 0.000449271
Read benchmark file testbenches/test_13.txt
Using GPU kernel 3
threads per tile: 512
number of tiles: 16

Iterations:100
616.270874

==== max error: 0.00982666
==== avg error: 0.00071224
