Read benchmark file testbenches/test_10.txt
Using GPU kernel 4
threads per tile: 32
number of tiles: 32

Iterations:100
11.289184

==== max error: 0.00204468
==== avg error: 0.000230072
Read benchmark file testbenches/test_11.txt
Using GPU kernel 4
threads per tile: 32
number of tiles: 64

Iterations:100
24.522177

==== max error: 0.00286865
==== avg error: 0.000304136
Read benchmark file testbenches/test_12.txt
Using GPU kernel 4
threads per tile: 32
number of tiles: 128

Iterations:100
103.036385

==== max error: 0.00408936
==== avg error: 0.000449271
Read benchmark file testbenches/test_13.txt
Using GPU kernel 4
threads per tile: 32
number of tiles: 256

Iterations:100
636.244690

==== max error: 0.00982666
==== avg error: 0.00071224
