Read benchmark file testbenches/test_8.txt
Using GPU kernel 2
threads per tile: 1024
number of tiles: 1

Iterations:100
8.979392

==== max error: 0
==== avg error: nan
Read benchmark file testbenches/test_9.txt
Using GPU kernel 2
threads per tile: 1024
number of tiles: 1

Iterations:100
0.000000

==== max error: 998.541
==== avg error: 488.635
Read benchmark file testbenches/test_10.txt
Using GPU kernel 2
threads per tile: 1024
number of tiles: 1

Iterations:100
67.255554

==== max error: 0.00204468
==== avg error: 0.000230072
Read benchmark file testbenches/test_11.txt
Using GPU kernel 2
threads per tile: 1024
number of tiles: 2

Iterations:100
129.985947

==== max error: 0.00286865
==== avg error: 0.000304136
Read benchmark file testbenches/test_12.txt
Using GPU kernel 2
threads per tile: 1024
number of tiles: 4

Iterations:100
242.017242

==== max error: 0.00408936
==== avg error: 0.000449271
Read benchmark file testbenches/test_13.txt
Using GPU kernel 2
threads per tile: 1024
number of tiles: 8

Iterations:100
641.223877

==== max error: 0.00982666
==== avg error: 0.00071224
