Read benchmark file testbenches/test_10.txt
Using GPU kernel 2
threads per tile: 32
number of tiles: 32

Iterations:1000
92.291008

==== max error: 0.00204468
==== avg error: 0.000230072
Read benchmark file testbenches/test_11.txt
Using GPU kernel 2
threads per tile: 32
number of tiles: 64

Iterations:1000
218.967133

==== max error: 0.00286865
==== avg error: 0.000304136
Read benchmark file testbenches/test_12.txt
Using GPU kernel 2
threads per tile: 32
number of tiles: 128

Iterations:1000
844.537170

==== max error: 0.00402832
==== avg error: 0.000449021
Read benchmark file testbenches/test_13.txt
Using GPU kernel 2
threads per tile: 32
number of tiles: 256

Iterations:1000
6180.769531

==== max error: 0.00958252
==== avg error: 0.000711946
Read benchmark file testbenches/test_8.txt
Using GPU kernel 2
threads per tile: 32
number of tiles: 8

Iterations:1000
11.927264

==== max error: 0.000488281
==== avg error: 9.85973e-05
Read benchmark file testbenches/test_9.txt
Using GPU kernel 2
threads per tile: 32
number of tiles: 16

Iterations:1000
22.681503

==== max error: 0.0010376
==== avg error: 0.000133842
Read benchmark file testbenches/test_10.txt
Using GPU kernel 2
threads per tile: 32
number of tiles: 32

Iterations:1000
91.649597

==== max error: 0.00204468
==== avg error: 0.000230072
Read benchmark file testbenches/test_11.txt
Using GPU kernel 2
threads per tile: 32
number of tiles: 64

Iterations:1000
222.817062

==== max error: 0.00286865
==== avg error: 0.000304136
Read benchmark file testbenches/test_12.txt
Using GPU kernel 2
threads per tile: 32
number of tiles: 128

Iterations:1000
833.617737

==== max error: 0.00402832
==== avg error: 0.000449021
Read benchmark file testbenches/test_13.txt
Using GPU kernel 2
threads per tile: 32
number of tiles: 256

Iterations:1000
6180.160156

==== max error: 0.00958252
==== avg error: 0.000711946
