size=256
Read benchmark file testbenches/test_8.txt

Iterations:100
7.275232

==== max error: 0.000427246
==== avg error: 9.66974e-05
size=512
Read benchmark file testbenches/test_9.txt

Iterations:100
30.234592

==== max error: 0.00109863
==== avg error: 0.000129672
size=1024
Read benchmark file testbenches/test_10.txt

Iterations:100
38.435425

==== max error: 0.00189209
==== avg error: 0.000259476
size=2048
Read benchmark file testbenches/test_11.txt

Iterations:100
90.979553

==== max error: 0.00323486
==== avg error: 0.000298702
size=4096
Read benchmark file testbenches/test_12.txt

Iterations:100
295.999298

==== max error: 0.00354004
==== avg error: 0.000465837
size=8192
Read benchmark file testbenches/test_13.txt

Iterations:100
881.071533

==== max error: 0.00799561
==== avg error: 0.000759112
