Read benchmark file testbenches/test_8.txt
number of threads: 2

Iterations:100
3.82948

==== max error: 0.000488281
==== avg error: 9.82136e-05
Read benchmark file testbenches/test_9.txt
number of threads: 2

Iterations:100
13.7955

==== max error: 0.0010376
==== avg error: 0.000133716
Read benchmark file testbenches/test_10.txt
number of threads: 2

Iterations:100
53.264

==== max error: 0.00201416
==== avg error: 0.000229346
Read benchmark file testbenches/test_11.txt
number of threads: 2

Iterations:100
215.679

==== max error: 0.00299072
==== avg error: 0.000303887
Read benchmark file testbenches/test_12.txt
number of threads: 2

Iterations:100
930.436

==== max error: 0.00402832
==== avg error: 0.000449935
Read benchmark file testbenches/test_13.txt
number of threads: 2

Iterations:100
3819.16

==== max error: 0.00958252
==== avg error: 0.00071303
