Read benchmark file testbenches/test_8.txt
number of threads: 1

Iterations:100
6.56704

==== max error: 0.000488281
==== avg error: 9.82136e-05
Read benchmark file testbenches/test_9.txt
number of threads: 1

Iterations:100
26.1357

==== max error: 0.0010376
==== avg error: 0.000133716
Read benchmark file testbenches/test_10.txt
number of threads: 1

Iterations:100
104.707

==== max error: 0.00201416
==== avg error: 0.000229346
Read benchmark file testbenches/test_11.txt
number of threads: 1

Iterations:100
422.845

==== max error: 0.00299072
==== avg error: 0.000303887
Read benchmark file testbenches/test_12.txt
number of threads: 1

Iterations:100
1846.83

==== max error: 0.00402832
==== avg error: 0.000449935
Read benchmark file testbenches/test_13.txt
number of threads: 1

Iterations:100
7381.1

==== max error: 0.00958252
==== avg error: 0.00071303
