Read benchmark file testbenches/test_8.txt
number of threads: 12

Iterations:100
9.18298

==== max error: 0.000488281
==== avg error: 9.82136e-05
Read benchmark file testbenches/test_9.txt
number of threads: 12

Iterations:100
5.88969

==== max error: 0.0010376
==== avg error: 0.000133716
Read benchmark file testbenches/test_10.txt
number of threads: 12

Iterations:100
14.5267

==== max error: 0.00201416
==== avg error: 0.000229346
Read benchmark file testbenches/test_11.txt
number of threads: 12

Iterations:100
50.0984

==== max error: 0.00299072
==== avg error: 0.000303887
Read benchmark file testbenches/test_12.txt
number of threads: 12

Iterations:100
208.656

==== max error: 0.00402832
==== avg error: 0.000449935
Read benchmark file testbenches/test_13.txt
number of threads: 12

Iterations:100
797.164

==== max error: 0.00958252
==== avg error: 0.00071303
