Read benchmark file testbenches/test_8.txt
number of threads: 8

Iterations:100
3.35059

==== max error: 0.000488281
==== avg error: 9.82136e-05
Read benchmark file testbenches/test_9.txt
number of threads: 8

Iterations:100
5.61983

==== max error: 0.0010376
==== avg error: 0.000133716
Read benchmark file testbenches/test_10.txt
number of threads: 8

Iterations:100
17.8276

==== max error: 0.00201416
==== avg error: 0.000229346
Read benchmark file testbenches/test_11.txt
number of threads: 8

Iterations:100
63.5599

==== max error: 0.00299072
==== avg error: 0.000303887
Read benchmark file testbenches/test_12.txt
number of threads: 8

Iterations:100
270.106

==== max error: 0.00402832
==== avg error: 0.000449935
Read benchmark file testbenches/test_13.txt
number of threads: 8

Iterations:100
1065.8

==== max error: 0.00958252
==== avg error: 0.00071303
