size=256
Read benchmark file testbenches/test_8.txt

Iterations:100
6.976384

==== max error: 0.000427246
==== avg error: 9.66974e-05
size=512
Read benchmark file testbenches/test_9.txt

Iterations:100
30.212769

==== max error: 0.00109863
==== avg error: 0.000129672
size=1024
Read benchmark file testbenches/test_10.txt

Iterations:100
37.202847

==== max error: 0.00189209
==== avg error: 0.000259476
size=2048
Read benchmark file testbenches/test_11.txt

Iterations:100
90.707581

==== max error: 0.00323486
==== avg error: 0.000298702
size=4096
Read benchmark file testbenches/test_12.txt

Iterations:100
306.588776

==== max error: 0.00354004
==== avg error: 0.000465837
size=8192
Read benchmark file testbenches/test_13.txt

Iterations:100
888.916199

==== max error: 0.00775146
==== avg error: 0.000758897
size=256
Read benchmark file testbenches/test_8.txt

Iterations:100
4.168128

==== max error: 0.000427246
==== avg error: 9.66974e-05
size=512
Read benchmark file testbenches/test_9.txt

Iterations:100
4.795840

==== max error: 0.00109863
==== avg error: 0.000129672
size=1024
Read benchmark file testbenches/test_10.txt

Iterations:100
9.997888

==== max error: 0.00189209
==== avg error: 0.000259476
size=2048
Read benchmark file testbenches/test_11.txt

Iterations:100
26.920353

==== max error: 0.00323486
==== avg error: 0.000298702
size=4096
Read benchmark file testbenches/test_12.txt

Iterations:100
94.536606

==== max error: 0.00354004
==== avg error: 0.000465837
size=8192
Read benchmark file testbenches/test_13.txt

Iterations:100
365.028778

==== max error: 0.00775146
==== avg error: 0.000758876
